<?xml version="1.0" encoding="UTF-8"?>
<!-- Generated by org.testng.reporters.JUnitXMLReporter -->
<testsuite ignored="0" hostname="Nareshr" failures="0" tests="3" name="edgetest" time="4.378" errors="0" timestamp="2026-05-05T10:56:45 PDT">
  <testcase classname="day45.ParamTest" name="testLogo" time="0.0">
    <skipped/>
  </testcase> <!-- testLogo -->
  <testcase classname="day45.ParamTest" name="testTitle" time="0.0">
    <skipped/>
  </testcase> <!-- testTitle -->
  <testcase classname="day45.ParamTest" name="testURL" time="0.0">
    <skipped/>
  </testcase> <!-- testURL -->
</testsuite> <!-- edgetest -->
